<?xml version="1.0" encoding="UTF-8"?>
<testng-results ignored="0" total="1" passed="1" failed="0" skipped="0">
  <reporter-output>
    <line>
      <![CDATA[hi]]>
    </line>
  </reporter-output>
  <suite started-at="2023-03-16T12:44:54Z" name="Default suite" finished-at="2023-03-16T12:44:54Z" duration-ms="27">
    <groups>
    </groups>
    <test started-at="2023-03-16T12:44:54Z" name="Default test" finished-at="2023-03-16T12:44:54Z" duration-ms="27">
      <class name="com.actitime.testscript.Demo">
        <test-method signature="Customer()[pri:0, instance:com.actitime.testscript.Demo@117159c0]" started-at="2023-03-16T12:44:54Z" name="Customer" finished-at="2023-03-16T12:44:54Z" duration-ms="8" status="PASS">
          <reporter-output>
            <line>
              <![CDATA[hi]]>
            </line>
          </reporter-output>
        </test-method> <!-- Customer -->
      </class> <!-- com.actitime.testscript.Demo -->
    </test> <!-- Default test -->
  </suite> <!-- Default suite -->
</testng-results>
